
execute.client.myserver.json:
     [java] json
     [java] https://enigmatic-sierra-2066.herokuapp.com/sdelab
     [java] =============================================================================================================
     [java] Request #1: GET person/ Accept: application/json Content-Type: application/json
     [java] ==> Result: [OK]
     [java] ==> HTTP Status: [200]
     [java] [BODY]
     [java] 
     [java] {"people": [
     [java]     {
     [java]         "firstname": "Karlitos",
     [java]         "idPerson": 1,
     [java]         "birthdate": "1977-08-31",
     [java]         "lastname": "Brigante",
     [java]         "measureType": [
     [java]             {
     [java]                 "measure": "height",
     [java]                 "value": "1.83"
     [java]             },
     [java]             {
     [java]                 "measure": "weight",
     [java]                 "value": "110"
     [java]             }
     [java]         ]
     [java]     },
     [java]     {
     [java]         "firstname": "Andrew",
     [java]         "idPerson": 2,
     [java]         "birthdate": "1998-08-31",
     [java]         "lastname": "Law",
     [java]         "measureType": [
     [java]             {
     [java]                 "measure": "height",
     [java]                 "value": "1.87"
     [java]             },
     [java]             {
     [java]                 "measure": "weight",
     [java]                 "value": "89"
     [java]             }
     [java]         ]
     [java]     },
     [java]     {
     [java]         "firstname": "Bob",
     [java]         "idPerson": 3,
     [java]         "birthdate": "1968-08-31",
     [java]         "lastname": "Marley",
     [java]         "measureType": [
     [java]             {
     [java]                 "measure": "height",
     [java]                 "value": "1.70"
     [java]             },
     [java]             {
     [java]                 "measure": "weight",
     [java]                 "value": "68"
     [java]             }
     [java]         ]
     [java]     }
     [java] ]}
     [java] First person id json: 1
     [java] Last person id json: 3
     [java] =============================================================================================================
     [java] Request #2: GET person/1 Accept: application/json Content-Type: application/json
     [java] ==> Result: [OK]
     [java] ==> HTTP Status: [200]
     [java] [BODY]
     [java] 
     [java] {
     [java]     "firstname": "Karlitos",
     [java]     "idPerson": 1,
     [java]     "birthdate": "1977-08-31",
     [java]     "lastname": "Brigante",
     [java]     "measureType": [
     [java]         {
     [java]             "measure": "height",
     [java]             "value": "1.83"
     [java]         },
     [java]         {
     [java]             "measure": "weight",
     [java]             "value": "110"
     [java]         }
     [java]     ]
     [java] }
     [java] =============================================================================================================
     [java] Request #3: PUT person/1 Accept: application/json Content-Type: application/json
     [java] ==> Result: [OK]
     [java] ==> HTTP Status: [201]
     [java] [BODY]
     [java] 
     [java] {
     [java]     "firstname": "Joe",
     [java]     "idPerson": 1,
     [java]     "birthdate": "1977-08-31",
     [java]     "lastname": "Brigante",
     [java]     "measureType": [
     [java]         {
     [java]             "measure": "height",
     [java]             "value": "1.83"
     [java]         },
     [java]         {
     [java]             "measure": "weight",
     [java]             "value": "110"
     [java]         }
     [java]     ]
     [java] }
     [java] =============================================================================================================
     [java] Request #4: POST person/ Accept: application/json Content-Type: application/json
     [java] ==> Result: [OK]
     [java] ==> HTTP Status: [200]
     [java] [BODY]
     [java] 
     [java] {
     [java]     "firstname": "Chuck",
     [java]     "idPerson": 52,
     [java]     "birthdate": "1945-01-01",
     [java]     "lastname": "Norris",
     [java]     "measureType": [
     [java]         {
     [java]             "measure": "weight",
     [java]             "value": "78.9"
     [java]         },
     [java]         {
     [java]             "measure": "height",
     [java]             "value": "172"
     [java]         }
     [java]     ]
     [java] }
     [java] =============================================================================================================
     [java] =============================================================================================================
     [java] Request #5: DELETE person/52 Accept: application/json Content-Type: application/json
     [java] ==> Result: [OK]
     [java] ==> HTTP Status: [404]
     [java] [BODY]
     [java] 
     [java] =============================================================================================================
     [java] =============================================================================================================
     [java] Request #6: GET /measureTypes Accept: application/json Content-Type: application/json
     [java] ==> Result: [OK]
     [java] ==> HTTP Status: [200]
     [java] [BODY]
     [java] 
     [java] {"measureTypes": [
     [java]     "weight",
     [java]     "height",
     [java]     "steps",
     [java]     "blood pressure",
     [java]     "heart rate",
     [java]     "bmi"
     [java] ]}
     [java] =============================================================================================================
     [java] =============================================================================================================
     [java] Request #7: GET /measureTypes Accept: application/json Content-Type: application/json
     [java] ==> Result: [OK]
     [java] ==> HTTP Status: [200]
     [java] [BODY]
     [java] 
     [java] {
     [java]     "created": "2015-11-18",
     [java]     "mid": 2,
     [java]     "value": "110"
     [java] }
     [java] =============================================================================================================
     [java] =============================================================================================================
     [java] Request #8: GET person/1/weight/2 Accept: application/json Content-Type: application/json
     [java] ==> Result: [OK]
     [java] ==> HTTP Status: [200]
     [java] [BODY]
     [java] 
     [java] Mid value: 110
     [java] =============================================================================================================
     [java] =============================================================================================================
     [java] Request #9: POST person/1/weight Accept: application/json Content-Type: application/json
     [java] ==> Result: [OK]
     [java] ==> HTTP Status: [200]
     [java] [BODY]
     [java] 
     [java] {
     [java]     "measure": "weight",
     [java]     "value": "72"
     [java] }
     [java] =============================================================================================================
     [java] =============================================================================================================
     [java] Request #10: PUT person/1/weight/53 Accept: application/json Content-Type: application/json
     [java] ==> Result: [OK]
     [java] ==> HTTP Status: [201]
     [java] [BODY]
     [java] 
     [java] {
     [java]     "created": "2011-12-09",
     [java]     "mid": 53,
     [java]     "value": "90"
     [java] }
     [java] =============================================================================================================
     [java] =============================================================================================================
     [java] Request #11: GET person/1/weight?before=2015-12-09&after=2010-07-10 Accept: application/json Content-Type: application/json
     [java] ==> Result: [OK]
     [java] ==> HTTP Status: [200]
     [java] [BODY]
     [java] 
     [java] [
     [java]     {
     [java]         "created": "2015-11-18",
     [java]         "mid": 2,
     [java]         "value": "110"
     [java]     },
     [java]     {
     [java]         "created": "2011-12-09",
     [java]         "mid": 53,
     [java]         "value": "90"
     [java]     }
     [java] ]
     [java] =============================================================================================================
     [java] Request #12: GET person?measureType=weight&max=100&min=20 Accept: application/json Content-Type: application/json
     [java] ==> Result: [OK]
     [java] ==> HTTP Status: [200]
     [java] [BODY]
     [java] 
     [java] {"people": [
     [java]     {
     [java]         "firstname": "Andrew",
     [java]         "idPerson": 2,
     [java]         "birthdate": "1998-08-31",
     [java]         "lastname": "Law",
     [java]         "measureType": [
     [java]             {
     [java]                 "measure": "height",
     [java]                 "value": "1.87"
     [java]             },
     [java]             {
     [java]                 "measure": "weight",
     [java]                 "value": "89"
     [java]             }
     [java]         ]
     [java]     },
     [java]     {
     [java]         "firstname": "Bob",
     [java]         "idPerson": 3,
     [java]         "birthdate": "1968-08-31",
     [java]         "lastname": "Marley",
     [java]         "measureType": [
     [java]             {
     [java]                 "measure": "height",
     [java]                 "value": "1.70"
     [java]             },
     [java]             {
     [java]                 "measure": "weight",
     [java]                 "value": "68"
     [java]             }
     [java]         ]
     [java]     },
     [java]     {
     [java]         "firstname": "Joe",
     [java]         "idPerson": 1,
     [java]         "birthdate": "1977-08-31",
     [java]         "lastname": "Brigante",
     [java]         "measureType": [
     [java]             {
     [java]                 "measure": "height",
     [java]                 "value": "1.83"
     [java]             },
     [java]             {
     [java]                 "measure": "weight",
     [java]                 "value": "72"
     [java]             }
     [java]         ]
     [java]     }
     [java] ]}
