
execute.client.myserver.xml:
      xml
      https://enigmatic-sierra-2066.herokuapp.com/sdelab
      =============================================================================================================
      Request #1: GET person/ Accept: application/xml Content-Type: application/xml
      ==> Result: [OK]
      ==> HTTP Status: [200]
      [BODY]
      
      <people>
        <person>
          <idPerson>1</idPerson>
          <firstname>Joe</firstname>
          <lastname>Brigante</lastname>
          <birthdate>1977-08-31T09:00:00Z</birthdate>
          <healthprofile>
            <measureType>
              <measure>height</measure>
              <value>1.83</value>
            </measureType>
            <measureType>
              <measure>weight</measure>
              <value>72</value>
            </measureType>
          </healthprofile>
        </person>
        <person>
          <idPerson>2</idPerson>
          <firstname>Andrew</firstname>
          <lastname>Law</lastname>
          <birthdate>1998-08-31T08:00:00Z</birthdate>
          <healthprofile>
            <measureType>
              <measure>height</measure>
              <value>1.87</value>
            </measureType>
            <measureType>
              <measure>weight</measure>
              <value>89</value>
            </measureType>
          </healthprofile>
        </person>
        <person>
          <idPerson>3</idPerson>
          <firstname>Bob</firstname>
          <lastname>Marley</lastname>
          <birthdate>1968-08-31T10:00:00Z</birthdate>
          <healthprofile>
            <measureType>
              <measure>height</measure>
              <value>1.70</value>
            </measureType>
            <measureType>
              <measure>weight</measure>
              <value>68</value>
            </measureType>
          </healthprofile>
        </person>
      </people>
      
      =============================================================================================================
      =============================================================================================================
      Request #2: GET person/1 Accept: application/xml Content-Type: application/xml
      ==> Result: [OK]
      ==> HTTP Status: [200]
      [BODY]
      
      <person>
        <idPerson>1</idPerson>
        <firstname>Joe</firstname>
        <lastname>Brigante</lastname>
        <birthdate>1977-08-31T09:00:00Z</birthdate>
        <healthprofile>
          <measureType>
            <measure>height</measure>
            <value>1.83</value>
          </measureType>
          <measureType>
            <measure>weight</measure>
            <value>72</value>
          </measureType>
        </healthprofile>
      </person>
      
      =============================================================================================================
      =============================================================================================================
      Request #3: PUT person/1 Accept: application/xml Content-Type: application/xml
      ==> Result: [ERROR]
      ==> HTTP Status: [201]
      [BODY]
      
      <person>
        <idPerson>1</idPerson>
        <firstname>Smith</firstname>
        <lastname>Brigante</lastname>
        <birthdate>1977-08-31T09:00:00Z</birthdate>
        <healthprofile>
          <measureType>
            <measure>height</measure>
            <value>1.83</value>
          </measureType>
          <measureType>
            <measure>weight</measure>
            <value>72</value>
          </measureType>
        </healthprofile>
      </person>
      
      =============================================================================================================
      =============================================================================================================
      Request #4: POST person/ Accept: application/xml Content-Type: application/xml
      ==> Result: [OK]
      ==> HTTP Status: [200]
      [BODY]
      
      <person>
        <idPerson>54</idPerson>
        <firstname>Chuck</firstname>
        <lastname>Norris</lastname>
        <birthdate>1945-01-01T00:00:00Z</birthdate>
        <healthprofile>
          <measureType>
            <measure>weight</measure>
            <value>78.9</value>
          </measureType>
          <measureType>
            <measure>height</measure>
            <value>172</value>
          </measureType>
        </healthprofile>
      </person>
      
      =============================================================================================================
      =============================================================================================================
      Request #5: DELETE person/54 Accept: application/xml Content-Type: application/xml
      ==> Result: [OK]
      ==> HTTP Status: [404]
      [BODY]
      
      =============================================================================================================
      =============================================================================================================
      Request #6: GET /measureTypes Accept: application/xml Content-Type: application/xml
      ==> Result: [OK]
      ==> HTTP Status: [200]
      [BODY]
      
      <measureTypes>
        <measureType>weight</measureType>
        <measureType>height</measureType>
        <measureType>steps</measureType>
        <measureType>blood pressure</measureType>
        <measureType>heart rate</measureType>
        <measureType>bmi</measureType>
      </measureTypes>
      
      =============================================================================================================
      =============================================================================================================
      Request #7: GET /measureTypes Accept: application/xml Content-Type: application/xml
      ==> Result: [OK]
      ==> HTTP Status: [200]
      [BODY]
      
      <measureHistory>
        <mesure>
          <mid>2</mid>
          <value>110</value>
          <created>2015-11-18T09:00:00Z</created>
        </mesure>
        <mesure>
          <mid>53</mid>
          <value>90</value>
          <created>2011-12-09T00:00:00Z</created>
        </mesure>
      </measureHistory>
      
      =============================================================================================================
      =============================================================================================================
      Request #8: GET person/1/weight/2 Accept: application/xml Content-Type: application/xml
      ==> Result: [OK]
      ==> HTTP Status: [200]
      [BODY]
      
      Mid value: 110
      =============================================================================================================
      =============================================================================================================
      Request #9: POST person/1/weight Accept: application/xml Content-Type: application/xml
      ==> Result: [OK]
      ==> HTTP Status: [200]
      [BODY]
      
      <lifestatus>
        <measure>weight</measure>
        <value>72</value>
      </lifestatus>
      
      =============================================================================================================
      =============================================================================================================
      Request #10: PUT person/1/weight/56 Accept: application/xml Content-Type: application/xml
      ==> Result: [OK]
      ==> HTTP Status: [201]
      [BODY]
      
      <measureHistory>
        <mesure>
          <mid>2</mid>
          <value>110</value>
          <created>2015-11-18T09:00:00Z</created>
        </mesure>
        <mesure>
          <mid>53</mid>
          <value>90</value>
          <created>2011-12-09T00:00:00Z</created>
        </mesure>
        <mesure>
          <mid>56</mid>
          <value>90</value>
          <created>2011-12-09T00:00:00Z</created>
        </mesure>
      </measureHistory>
      
      =============================================================================================================
      =============================================================================================================
      Request #11: GET person/1/weight?before=2015-12-09&after=2010-07-10 Accept: application/xml Content-Type: application/xml
      ==> Result: [OK]
      ==> HTTP Status: [200]
      [BODY]
      
      <measureHistory>
        <measure>
          <mid>2</mid>
          <value>110</value>
          <created>2015-11-18T09:00:00Z</created>
        </measure>
        <measure>
          <mid>53</mid>
          <value>90</value>
          <created>2011-12-09T00:00:00Z</created>
        </measure>
        <measure>
          <mid>56</mid>
          <value>90</value>
          <created>2011-12-09T00:00:00Z</created>
        </measure>
      </measureHistory>
      
      =============================================================================================================
      Request #12: GET person/1?weight?max=100&min=20 Accept: application/xml Content-Type: application/xml
      ==> Result: [OK]
      ==> HTTP Status: [200]
      [BODY]
      
      <people>
        <person>
          <idPerson>2</idPerson>
          <firstname>Andrew</firstname>
          <lastname>Law</lastname>
          <birthdate>1998-08-31T08:00:00Z</birthdate>
          <healthprofile>
            <measureType>
              <measure>height</measure>
              <value>1.87</value>
            </measureType>
            <measureType>
              <measure>weight</measure>
              <value>89</value>
            </measureType>
          </healthprofile>
        </person>
        <person>
          <idPerson>3</idPerson>
          <firstname>Bob</firstname>
          <lastname>Marley</lastname>
          <birthdate>1968-08-31T10:00:00Z</birthdate>
          <healthprofile>
            <measureType>
              <measure>height</measure>
              <value>1.70</value>
            </measureType>
            <measureType>
              <measure>weight</measure>
              <value>68</value>
            </measureType>
          </healthprofile>
        </person>
        <person>
          <idPerson>1</idPerson>
          <firstname>Smith</firstname>
          <lastname>Brigante</lastname>
          <birthdate>1977-08-31T09:00:00Z</birthdate>
          <healthprofile>
            <measureType>
              <measure>height</measure>
              <value>1.83</value>
            </measureType>
            <measureType>
              <measure>weight</measure>
              <value>72</value>
            </measureType>
          </healthprofile>
        </person>
      </people>
      
